<?xml version="1.0" encoding="UTF-8"?>
<testsuite xmlns:xsi="http://www.w3.org/2001/XMLSchema-instance" xsi:schemaLocation="https://maven.apache.org/surefire/maven-surefire-plugin/xsd/surefire-test-report.xsd" name="tests.unit.com.microsoft.azure.gateway.messaging.MessageTest" time="0.079" tests="15" errors="0" skipped="0" failures="0">
  <properties>
    <property name="java.runtime.name" value="Java(TM) SE Runtime Environment"/>
    <property name="sun.boot.library.path" value="C:\Program Files\Java\jdk1.8.0_121\jre\bin"/>
    <property name="java.vm.version" value="25.121-b13"/>
    <property name="java.vm.vendor" value="Oracle Corporation"/>
    <property name="maven.multiModuleProjectDirectory" value="C:\Z_Swanup\GW\to_SeviceBus\iot-edge\bindings\java\gateway-java-binding"/>
    <property name="java.vendor.url" value="http://java.oracle.com/"/>
    <property name="path.separator" value=";"/>
    <property name="guice.disable.misplaced.annotation.check" value="true"/>
    <property name="java.vm.name" value="Java HotSpot(TM) 64-Bit Server VM"/>
    <property name="file.encoding.pkg" value="sun.io"/>
    <property name="user.script" value=""/>
    <property name="user.country" value="US"/>
    <property name="sun.java.launcher" value="SUN_STANDARD"/>
    <property name="sun.os.patch.level" value=""/>
    <property name="java.vm.specification.name" value="Java Virtual Machine Specification"/>
    <property name="user.dir" value="C:\Z_Swanup\GW\to_SeviceBus\iot-edge\bindings\java\gateway-java-binding"/>
    <property name="java.runtime.version" value="1.8.0_121-b13"/>
    <property name="java.awt.graphicsenv" value="sun.awt.Win32GraphicsEnvironment"/>
    <property name="java.endorsed.dirs" value="C:\Program Files\Java\jdk1.8.0_121\jre\lib\endorsed"/>
    <property name="os.arch" value="amd64"/>
    <property name="java.io.tmpdir" value="C:\Users\DEVELO~1\AppData\Local\Temp\"/>
    <property name="line.separator" value="&#10;"/>
    <property name="java.vm.specification.vendor" value="Oracle Corporation"/>
    <property name="user.variant" value=""/>
    <property name="os.name" value="Windows NT (unknown)"/>
    <property name="classworlds.conf" value="C:\apache-maven-3.3.9\bin\..\bin\m2.conf"/>
    <property name="sun.jnu.encoding" value="Cp1252"/>
    <property name="java.library.path" value="C:\Program Files\Java\jdk1.8.0_121\bin;C:\Windows\Sun\Java\bin;C:\Windows\system32;C:\Windows;C:\Program Files (x86)\Microsoft Visual Studio\2017\Professional\VC\Tools\MSVC\14.10.25017\bin\HostX86\x86;C:\Program Files (x86)\Microsoft Visual Studio\2017\Professional\Common7\IDE\VC\VCPackages;C:\Program Files (x86)\Microsoft SDKs\TypeScript\2.2;C:\Program Files (x86)\Microsoft SDKs\TypeScript\2.2;C:\Program Files (x86)\Microsoft Visual Studio\2017\Professional\Common7\IDE\CommonExtensions\Microsoft\TestWindow;C:\Program Files (x86)\Microsoft Visual Studio\2017\Professional\Common7\IDE\CommonExtensions\Microsoft\TeamFoundation\Team Explorer;C:\Program Files (x86)\Microsoft Visual Studio\2017\Professional\MSBuild\15.0\bin\Roslyn;C:\Program Files (x86)\Microsoft Visual Studio\2017\Professional\Team Tools\Performance Tools;C:\Program Files (x86)\Microsoft Visual Studio\Shared\Common\VSPerfCollectionTools\;C:\Program Files (x86)\Microsoft SDKs\Windows\v10.0A\bin\NETFX 4.6.1 Tools\;C:\Program Files (x86)\Windows Kits\8.1\bin\x86;C:\Program Files (x86)\Microsoft Visual Studio\2017\Professional\\MSBuild\15.0\bin;C:\Windows\Microsoft.NET\Framework\v4.0.30319;C:\Program Files (x86)\Microsoft Visual Studio\2017\Professional\Common7\IDE\;C:\Program Files (x86)\Microsoft Visual Studio\2017\Professional\Common7\Tools\;C:\Tcl\bin;C:\ProgramData\Oracle\Java\javapath;C:\Windows\system32;C:\Windows;C:\Windows\System32\Wbem;C:\Windows\System32\WindowsPowerShell\v1.0\;C:\Program Files\Microsoft SQL Server\130\Tools\Binn\;C:\Program Files\Microsoft\Web Platform Installer\;C:\Program Files (x86)\Microsoft SDKs\Azure\CLI\wbin;C:\Program Files\Java\jdk1.8.0_121\jre\bin\server;C:\Program Files\Java\jdk1.8.0_121\jre\lib;C:\logstash-5.3.0\bin;C:\Program Files\Java\jdk1.8.0_121\bin;C:\Program Files\Java\jdk1.8.0_121\jre\bin;C:\apache-maven-3.3.9\bin;C:\Program Files\Git\cmd;C:\Python27;C:\Program Files (x86)\CMake;C:\Program Files (x86)\CMake\bin;C:\Program Files\dotnet\;C:\Program Files (x86)\Windows Kits\8.1\Windows Performance Toolkit\;C:\Program Files (x86)\Windows Kits\10\Windows Performance Toolkit\;C:\Program Files\Java\jre1.8.0_121\lib\amd64;C:\Program Files\Java\jre1.8.0_121\bin;C:\Program Files (x86)\Xoreax\IncrediBuild;%USERPROFILE%\.dnx\bin;C:\Program Files\Microsoft DNX\Dnvm\;;."/>
    <property name="java.specification.name" value="Java Platform API Specification"/>
    <property name="java.class.version" value="52.0"/>
    <property name="sun.management.compiler" value="HotSpot 64-Bit Tiered Compilers"/>
    <property name="os.version" value="10.0"/>
    <property name="user.home" value="C:\Users\developer04"/>
    <property name="user.timezone" value="Pacific/Apia"/>
    <property name="java.awt.printerjob" value="sun.awt.windows.WPrinterJob"/>
    <property name="java.specification.version" value="1.8"/>
    <property name="file.encoding" value="Cp1252"/>
    <property name="user.name" value="developer04"/>
    <property name="java.class.path" value="C:\apache-maven-3.3.9\bin\..\boot\plexus-classworlds-2.5.2.jar"/>
    <property name="java.vm.specification.version" value="1.8"/>
    <property name="sun.arch.data.model" value="64"/>
    <property name="java.home" value="C:\Program Files\Java\jdk1.8.0_121\jre"/>
    <property name="sun.java.command" value="org.codehaus.plexus.classworlds.launcher.Launcher clean install"/>
    <property name="java.specification.vendor" value="Oracle Corporation"/>
    <property name="user.language" value="en"/>
    <property name="awt.toolkit" value="sun.awt.windows.WToolkit"/>
    <property name="java.vm.info" value="mixed mode"/>
    <property name="java.version" value="1.8.0_121"/>
    <property name="java.ext.dirs" value="C:\Program Files\Java\jdk1.8.0_121\jre\lib\ext;C:\Windows\Sun\Java\lib\ext"/>
    <property name="sun.boot.class.path" value="C:\Program Files\Java\jdk1.8.0_121\jre\lib\resources.jar;C:\Program Files\Java\jdk1.8.0_121\jre\lib\rt.jar;C:\Program Files\Java\jdk1.8.0_121\jre\lib\sunrsasign.jar;C:\Program Files\Java\jdk1.8.0_121\jre\lib\jsse.jar;C:\Program Files\Java\jdk1.8.0_121\jre\lib\jce.jar;C:\Program Files\Java\jdk1.8.0_121\jre\lib\charsets.jar;C:\Program Files\Java\jdk1.8.0_121\jre\lib\jfr.jar;C:\Program Files\Java\jdk1.8.0_121\jre\classes"/>
    <property name="sun.stderr.encoding" value="cp437"/>
    <property name="java.vendor" value="Oracle Corporation"/>
    <property name="maven.home" value="C:\apache-maven-3.3.9\bin\.."/>
    <property name="file.separator" value="\"/>
    <property name="java.vendor.url.bug" value="http://bugreport.sun.com/bugreport/"/>
    <property name="sun.cpu.endian" value="little"/>
    <property name="sun.io.unicode.encoding" value="UnicodeLittle"/>
    <property name="sun.stdout.encoding" value="cp437"/>
    <property name="sun.desktop" value="windows"/>
    <property name="sun.cpu.isalist" value="amd64"/>
  </properties>
  <testcase name="constructorSetsDataFromInputArray_Minimal" classname="tests.unit.com.microsoft.azure.gateway.messaging.MessageTest" time="0"/>
  <testcase name="constructorThrowsExceptionForZeroInputArray" classname="tests.unit.com.microsoft.azure.gateway.messaging.MessageTest" time="0"/>
  <testcase name="constructorThrowsExceptionForIncompleteInputArray" classname="tests.unit.com.microsoft.azure.gateway.messaging.MessageTest" time="0"/>
  <testcase name="toByteArraySerializesMessageSuccess" classname="tests.unit.com.microsoft.azure.gateway.messaging.MessageTest" time="0"/>
  <testcase name="chineseCharacterTest" classname="tests.unit.com.microsoft.azure.gateway.messaging.MessageTest" time="0"/>
  <testcase name="constructorSetsDataFromInputArray_Valid" classname="tests.unit.com.microsoft.azure.gateway.messaging.MessageTest" time="0"/>
  <testcase name="toByteArrayThrowsExceptionOnFailure" classname="tests.unit.com.microsoft.azure.gateway.messaging.MessageTest" time="0.066"/>
  <testcase name="constructorThrowsExceptionForNullInputArray" classname="tests.unit.com.microsoft.azure.gateway.messaging.MessageTest" time="0.001"/>
  <testcase name="toByteArraySerializesMinimalMessageSuccess" classname="tests.unit.com.microsoft.azure.gateway.messaging.MessageTest" time="0"/>
  <testcase name="constructorSavesAllNullData" classname="tests.unit.com.microsoft.azure.gateway.messaging.MessageTest" time="0"/>
  <testcase name="constructorSavesAllData" classname="tests.unit.com.microsoft.azure.gateway.messaging.MessageTest" time="0"/>
  <testcase name="constructorSetsDataFromInputArray_NoProperties2Bytes" classname="tests.unit.com.microsoft.azure.gateway.messaging.MessageTest" time="0"/>
  <testcase name="toByteArraySerializes_NoProperties2Bytes" classname="tests.unit.com.microsoft.azure.gateway.messaging.MessageTest" time="0"/>
  <testcase name="constructorSetsDataFromInputArray_1Property0Bytes" classname="tests.unit.com.microsoft.azure.gateway.messaging.MessageTest" time="0"/>
  <testcase name="toByteArraySerializes_1Property0Bytes" classname="tests.unit.com.microsoft.azure.gateway.messaging.MessageTest" time="0"/>
</testsuite>